This file contains any messages produced by compilers while
running configure, to aid debugging if configure makes a mistake.

It was created by configure, which was
generated by GNU Autoconf 2.61.  Invocation command line was

  $ ./configure 

## --------- ##
## Platform. ##
## --------- ##

hostname = Lenovoideapad-500-15ISK
uname -m = x86_64
uname -r = 4.4.0-125-generic
uname -s = Linux
uname -v = #150-Ubuntu SMP Thu May 10 07:14:00 UTC 2018

/usr/bin/uname -p = unknown
/bin/uname -X     = unknown

/bin/arch              = unknown
/usr/bin/arch -k       = unknown
/usr/convex/getsysinfo = unknown
/usr/bin/hostinfo      = unknown
/bin/machine           = unknown
/usr/bin/oslevel       = unknown
/bin/universe          = unknown

PATH: /home/mayankmodi/anaconda2/bin
PATH: /home/mayankmodi/anaconda2/bin
PATH: /home/mayankmodi/.cargo/bin
PATH: /home/mayankmodi/.local/share/umake/bin
PATH: /home/mayankmodi/bin
PATH: /usr/local/sbin
PATH: /usr/local/bin
PATH: /usr/sbin
PATH: /usr/bin
PATH: /sbin
PATH: /bin
PATH: /usr/games
PATH: /usr/local/games
PATH: /snap/bin
PATH: /usr/lib/jvm/java-8-oracle/bin
PATH: /usr/lib/jvm/java-8-oracle/db/bin
PATH: /usr/lib/jvm/java-8-oracle/jre/bin
PATH: ~/VLEAD/emacs-25.2/bin


## ----------- ##
## Core tests. ##
## ----------- ##

configure:1676: Configuring f90cache
configure:1730: checking for gcc
configure:1746: found /usr/bin/gcc
configure:1757: result: gcc
configure:1995: checking for C compiler version
configure:2002: gcc --version >&5
gcc (Ubuntu 5.4.0-6ubuntu1~16.04.9) 5.4.0 20160609
Copyright (C) 2015 Free Software Foundation, Inc.
This is free software; see the source for copying conditions.  There is NO
warranty; not even for MERCHANTABILITY or FITNESS FOR A PARTICULAR PURPOSE.

configure:2005: $? = 0
configure:2012: gcc -v >&5
Using built-in specs.
COLLECT_GCC=gcc
COLLECT_LTO_WRAPPER=/usr/lib/gcc/x86_64-linux-gnu/5/lto-wrapper
Target: x86_64-linux-gnu
Configured with: ../src/configure -v --with-pkgversion='Ubuntu 5.4.0-6ubuntu1~16.04.9' --with-bugurl=file:///usr/share/doc/gcc-5/README.Bugs --enable-languages=c,ada,c++,java,go,d,fortran,objc,obj-c++ --prefix=/usr --program-suffix=-5 --enable-shared --enable-linker-build-id --libexecdir=/usr/lib --without-included-gettext --enable-threads=posix --libdir=/usr/lib --enable-nls --with-sysroot=/ --enable-clocale=gnu --enable-libstdcxx-debug --enable-libstdcxx-time=yes --with-default-libstdcxx-abi=new --enable-gnu-unique-object --disable-vtable-verify --enable-libmpx --enable-plugin --with-system-zlib --disable-browser-plugin --enable-java-awt=gtk --enable-gtk-cairo --with-java-home=/usr/lib/jvm/java-1.5.0-gcj-5-amd64/jre --enable-java-home --with-jvm-root-dir=/usr/lib/jvm/java-1.5.0-gcj-5-amd64 --with-jvm-jar-dir=/usr/lib/jvm-exports/java-1.5.0-gcj-5-amd64 --with-arch-directory=amd64 --with-ecj-jar=/usr/share/java/eclipse-ecj.jar --enable-objc-gc --enable-multiarch --disable-werror --with-arch-32=i686 --with-abi=m64 --with-multilib-list=m32,m64,mx32 --enable-multilib --with-tune=generic --enable-checking=release --build=x86_64-linux-gnu --host=x86_64-linux-gnu --target=x86_64-linux-gnu
Thread model: posix
gcc version 5.4.0 20160609 (Ubuntu 5.4.0-6ubuntu1~16.04.9) 
configure:2015: $? = 0
configure:2022: gcc -V >&5
gcc: error: unrecognized command line option '-V'
gcc: fatal error: no input files
compilation terminated.
configure:2025: $? = 1
configure:2048: checking for C compiler default output file name
configure:2075: gcc    conftest.c  >&5
configure:2078: $? = 0
configure:2116: result: a.out
configure:2133: checking whether the C compiler works
configure:2143: ./a.out
configure:2146: $? = 0
configure:2163: result: yes
configure:2170: checking whether we are cross compiling
configure:2172: result: no
configure:2175: checking for suffix of executables
configure:2182: gcc -o conftest    conftest.c  >&5
configure:2185: $? = 0
configure:2209: result: 
configure:2215: checking for suffix of object files
configure:2241: gcc -c   conftest.c >&5
configure:2244: $? = 0
configure:2267: result: o
configure:2271: checking whether we are using the GNU C compiler
configure:2300: gcc -c   conftest.c >&5
configure:2306: $? = 0
configure:2323: result: yes
configure:2328: checking whether gcc accepts -g
configure:2358: gcc -c -g  conftest.c >&5
configure:2364: $? = 0
configure:2463: result: yes
configure:2480: checking for gcc option to accept ISO C89
configure:2554: gcc  -c -g -O2  conftest.c >&5
configure:2560: $? = 0
configure:2583: result: none needed
configure:2606: checking how to run the C preprocessor
configure:2646: gcc -E  conftest.c
configure:2652: $? = 0
configure:2683: gcc -E  conftest.c
conftest.c:8:28: fatal error: ac_nonexistent.h: No such file or directory
compilation terminated.
configure:2689: $? = 1
configure: failed program was:
| /* confdefs.h.  */
| #define PACKAGE_NAME ""
| #define PACKAGE_TARNAME ""
| #define PACKAGE_VERSION ""
| #define PACKAGE_STRING ""
| #define PACKAGE_BUGREPORT ""
| /* end confdefs.h.  */
| #include <ac_nonexistent.h>
configure:2722: result: gcc -E
configure:2751: gcc -E  conftest.c
configure:2757: $? = 0
configure:2788: gcc -E  conftest.c
conftest.c:8:28: fatal error: ac_nonexistent.h: No such file or directory
compilation terminated.
configure:2794: $? = 1
configure: failed program was:
| /* confdefs.h.  */
| #define PACKAGE_NAME ""
| #define PACKAGE_TARNAME ""
| #define PACKAGE_VERSION ""
| #define PACKAGE_STRING ""
| #define PACKAGE_BUGREPORT ""
| /* end confdefs.h.  */
| #include <ac_nonexistent.h>
configure:2875: checking for a BSD-compatible install
configure:2931: result: /usr/bin/install -c
configure:2966: checking for dirent.h that defines DIR
configure:2995: gcc -c -g -O2 -Wall -W  conftest.c >&5
configure:3001: $? = 0
configure:3017: result: yes
configure:3030: checking for library containing opendir
configure:3071: gcc -o conftest -g -O2 -Wall -W   conftest.c  >&5
configure:3077: $? = 0
configure:3105: result: none required
configure:3199: checking whether time.h and sys/time.h may both be included
configure:3229: gcc -c -g -O2 -Wall -W  conftest.c >&5
configure:3235: $? = 0
configure:3250: result: yes
configure:3260: checking for sys/wait.h that is POSIX.1 compatible
configure:3296: gcc -c -g -O2 -Wall -W  conftest.c >&5
configure:3302: $? = 0
configure:3317: result: yes
configure:3329: checking for grep that handles long lines and -e
configure:3403: result: /bin/grep
configure:3408: checking for egrep
configure:3486: result: /bin/grep -E
configure:3491: checking for ANSI C header files
configure:3521: gcc -c -g -O2 -Wall -W  conftest.c >&5
configure:3527: $? = 0
configure:3626: gcc -o conftest -g -O2 -Wall -W   conftest.c  >&5
configure:3629: $? = 0
configure:3635: ./conftest
configure:3638: $? = 0
configure:3655: result: yes
configure:3679: checking for sys/types.h
configure:3700: gcc -c -g -O2 -Wall -W  conftest.c >&5
configure:3706: $? = 0
configure:3722: result: yes
configure:3679: checking for sys/stat.h
configure:3700: gcc -c -g -O2 -Wall -W  conftest.c >&5
configure:3706: $? = 0
configure:3722: result: yes
configure:3679: checking for stdlib.h
configure:3700: gcc -c -g -O2 -Wall -W  conftest.c >&5
configure:3706: $? = 0
configure:3722: result: yes
configure:3679: checking for string.h
configure:3700: gcc -c -g -O2 -Wall -W  conftest.c >&5
configure:3706: $? = 0
configure:3722: result: yes
configure:3679: checking for memory.h
configure:3700: gcc -c -g -O2 -Wall -W  conftest.c >&5
configure:3706: $? = 0
configure:3722: result: yes
configure:3679: checking for strings.h
configure:3700: gcc -c -g -O2 -Wall -W  conftest.c >&5
configure:3706: $? = 0
configure:3722: result: yes
configure:3679: checking for inttypes.h
configure:3700: gcc -c -g -O2 -Wall -W  conftest.c >&5
configure:3706: $? = 0
configure:3722: result: yes
configure:3679: checking for stdint.h
configure:3700: gcc -c -g -O2 -Wall -W  conftest.c >&5
configure:3706: $? = 0
configure:3722: result: yes
configure:3679: checking for unistd.h
configure:3700: gcc -c -g -O2 -Wall -W  conftest.c >&5
configure:3706: $? = 0
configure:3722: result: yes
configure:3753: checking ctype.h usability
configure:3770: gcc -c -g -O2 -Wall -W  conftest.c >&5
configure:3776: $? = 0
configure:3790: result: yes
configure:3794: checking ctype.h presence
configure:3809: gcc -E  conftest.c
configure:3815: $? = 0
configure:3829: result: yes
configure:3857: checking for ctype.h
configure:3865: result: yes
configure:3743: checking for strings.h
configure:3749: result: yes
configure:3743: checking for stdlib.h
configure:3749: result: yes
configure:3743: checking for string.h
configure:3749: result: yes
configure:3753: checking pwd.h usability
configure:3770: gcc -c -g -O2 -Wall -W  conftest.c >&5
configure:3776: $? = 0
configure:3790: result: yes
configure:3794: checking pwd.h presence
configure:3809: gcc -E  conftest.c
configure:3815: $? = 0
configure:3829: result: yes
configure:3857: checking for pwd.h
configure:3865: result: yes
configure:3888: checking for realpath
configure:3944: gcc -o conftest -g -O2 -Wall -W   conftest.c  >&5
configure:3950: $? = 0
configure:3968: result: yes
configure:3888: checking for snprintf
configure:3944: gcc -o conftest -g -O2 -Wall -W   conftest.c  >&5
conftest.c:51:6: warning: conflicting types for built-in function 'snprintf'
 char snprintf ();
      ^
configure:3950: $? = 0
configure:3968: result: yes
configure:3888: checking for vsnprintf
configure:3944: gcc -o conftest -g -O2 -Wall -W   conftest.c  >&5
conftest.c:52:6: warning: conflicting types for built-in function 'vsnprintf'
 char vsnprintf ();
      ^
configure:3950: $? = 0
configure:3968: result: yes
configure:3888: checking for vasprintf
configure:3944: gcc -o conftest -g -O2 -Wall -W   conftest.c  >&5
configure:3950: $? = 0
configure:3968: result: yes
configure:3888: checking for asprintf
configure:3944: gcc -o conftest -g -O2 -Wall -W   conftest.c  >&5
configure:3950: $? = 0
configure:3968: result: yes
configure:3888: checking for mkstemp
configure:3944: gcc -o conftest -g -O2 -Wall -W   conftest.c  >&5
configure:3950: $? = 0
configure:3968: result: yes
configure:3983: checking for gethostname
configure:4039: gcc -o conftest -g -O2 -Wall -W   conftest.c  >&5
configure:4045: $? = 0
configure:4063: result: yes
configure:3983: checking for getpwuid
configure:4039: gcc -o conftest -g -O2 -Wall -W   conftest.c  >&5
configure:4045: $? = 0
configure:4063: result: yes
configure:4074: checking for compar_fn_t in stdlib.h
configure:4103: gcc -c -g -O2 -Wall -W  conftest.c >&5
conftest.c: In function 'test_fn':
conftest.c:40:1: warning: null argument where non-null required (argument 1) [-Wnonnull]
 void test_fn(void) { qsort(NULL, 0, 0, (__compar_fn_t)NULL); }
 ^
conftest.c:40:1: warning: null argument where non-null required (argument 4) [-Wnonnull]
configure:4109: $? = 0
configure:4124: result: yes
configure:4134: checking for C99 vsnprintf
configure:4175: gcc -o conftest -g -O2 -Wall -W   conftest.c  >&5
conftest.c: In function 'foo':
conftest.c:45:14: warning: implicit declaration of function 'vsnprintf' [-Wimplicit-function-declaration]
        len = vsnprintf(0, 0, format, ap);
              ^
conftest.c:47:22: warning: implicit declaration of function 'exit' [-Wimplicit-function-declaration]
        if (len != 5) exit(1);
                      ^
conftest.c:47:22: warning: incompatible implicit declaration of built-in function 'exit'
conftest.c:47:22: note: include '<stdlib.h>' or provide a declaration of 'exit'
conftest.c:49:12: warning: implicit declaration of function 'snprintf' [-Wimplicit-function-declaration]
        if (snprintf(buf, 3, "hello") != 5 || strcmp(buf, "he") != 0) exit(1);
            ^
conftest.c:49:12: warning: incompatible implicit declaration of built-in function 'snprintf'
conftest.c:49:12: note: include '<stdio.h>' or provide a declaration of 'snprintf'
conftest.c:49:46: warning: implicit declaration of function 'strcmp' [-Wimplicit-function-declaration]
        if (snprintf(buf, 3, "hello") != 5 || strcmp(buf, "he") != 0) exit(1);
                                              ^
conftest.c:49:70: warning: incompatible implicit declaration of built-in function 'exit'
        if (snprintf(buf, 3, "hello") != 5 || strcmp(buf, "he") != 0) exit(1);
                                                                      ^
conftest.c:49:70: note: include '<stdlib.h>' or provide a declaration of 'exit'
conftest.c:51:8: warning: incompatible implicit declaration of built-in function 'exit'
        exit(0);
        ^
conftest.c:51:8: note: include '<stdlib.h>' or provide a declaration of 'exit'
conftest.c: At top level:
conftest.c:53:1: warning: return type defaults to 'int' [-Wimplicit-int]
 main() { foo("hello"); }
 ^
configure:4178: $? = 0
configure:4184: ./conftest
configure:4187: $? = 0
configure:4203: result: yes
configure:4315: creating ./config.status

## ---------------------- ##
## Running config.status. ##
## ---------------------- ##

This file was extended by config.status, which was
generated by GNU Autoconf 2.61.  Invocation command line was

  CONFIG_FILES    = 
  CONFIG_HEADERS  = 
  CONFIG_LINKS    = 
  CONFIG_COMMANDS = 
  $ ./config.status 

on Lenovoideapad-500-15ISK

config.status:595: creating Makefile
config.status:730: WARNING:  Makefile.in seems to ignore the --datarootdir setting
config.status:595: creating config.h

## ---------------- ##
## Cache variables. ##
## ---------------- ##

ac_cv_c_compiler_gnu=yes
ac_cv_env_CC_set=
ac_cv_env_CC_value=
ac_cv_env_CFLAGS_set=
ac_cv_env_CFLAGS_value=
ac_cv_env_CPPFLAGS_set=
ac_cv_env_CPPFLAGS_value=
ac_cv_env_CPP_set=
ac_cv_env_CPP_value=
ac_cv_env_LDFLAGS_set=
ac_cv_env_LDFLAGS_value=
ac_cv_env_LIBS_set=
ac_cv_env_LIBS_value=
ac_cv_env_build_alias_set=
ac_cv_env_build_alias_value=
ac_cv_env_host_alias_set=
ac_cv_env_host_alias_value=
ac_cv_env_target_alias_set=
ac_cv_env_target_alias_value=
ac_cv_func_asprintf=yes
ac_cv_func_gethostname=yes
ac_cv_func_getpwuid=yes
ac_cv_func_mkstemp=yes
ac_cv_func_realpath=yes
ac_cv_func_snprintf=yes
ac_cv_func_vasprintf=yes
ac_cv_func_vsnprintf=yes
ac_cv_header_ctype_h=yes
ac_cv_header_dirent_dirent_h=yes
ac_cv_header_inttypes_h=yes
ac_cv_header_memory_h=yes
ac_cv_header_pwd_h=yes
ac_cv_header_stdc=yes
ac_cv_header_stdint_h=yes
ac_cv_header_stdlib_h=yes
ac_cv_header_string_h=yes
ac_cv_header_strings_h=yes
ac_cv_header_sys_stat_h=yes
ac_cv_header_sys_types_h=yes
ac_cv_header_sys_wait_h=yes
ac_cv_header_time=yes
ac_cv_header_unistd_h=yes
ac_cv_objext=o
ac_cv_path_EGREP='/bin/grep -E'
ac_cv_path_GREP=/bin/grep
ac_cv_path_install='/usr/bin/install -c'
ac_cv_prog_CPP='gcc -E'
ac_cv_prog_ac_ct_CC=gcc
ac_cv_prog_cc_c89=
ac_cv_prog_cc_g=yes
ac_cv_search_opendir='none required'
f90cache_cv_COMPAR_FN_T=yes
f90cache_cv_HAVE_C99_VSNPRINTF=yes

## ----------------- ##
## Output variables. ##
## ----------------- ##

CC='gcc'
CFLAGS='-g -O2 -Wall -W'
CPP='gcc -E'
CPPFLAGS=''
DEFS='-DHAVE_CONFIG_H'
ECHO_C=''
ECHO_N='-n'
ECHO_T=''
EGREP='/bin/grep -E'
EXEEXT=''
GREP='/bin/grep'
INSTALL_DATA='${INSTALL} -m 644'
INSTALL_PROGRAM='${INSTALL}'
INSTALL_SCRIPT='${INSTALL}'
LDFLAGS=''
LIBOBJS=''
LIBS=''
LTLIBOBJS=''
OBJEXT='o'
PACKAGE_BUGREPORT=''
PACKAGE_NAME=''
PACKAGE_STRING=''
PACKAGE_TARNAME=''
PACKAGE_VERSION=''
PATH_SEPARATOR=':'
SHELL='/bin/bash'
ac_ct_CC='gcc'
bindir='${exec_prefix}/bin'
build_alias=''
datadir='${datarootdir}'
datarootdir='${prefix}/share'
docdir='${datarootdir}/doc/${PACKAGE}'
dvidir='${docdir}'
exec_prefix='${prefix}'
host_alias=''
htmldir='${docdir}'
includedir='${prefix}/include'
infodir='${datarootdir}/info'
libdir='${exec_prefix}/lib'
libexecdir='${exec_prefix}/libexec'
localedir='${datarootdir}/locale'
localstatedir='${prefix}/var'
mandir='${datarootdir}/man'
oldincludedir='/usr/include'
pdfdir='${docdir}'
prefix='/usr/local'
program_transform_name='s,x,x,'
psdir='${docdir}'
sbindir='${exec_prefix}/sbin'
sharedstatedir='${prefix}/com'
sysconfdir='${prefix}/etc'
target_alias=''

## ----------- ##
## confdefs.h. ##
## ----------- ##

#define PACKAGE_NAME ""
#define PACKAGE_TARNAME ""
#define PACKAGE_VERSION ""
#define PACKAGE_STRING ""
#define PACKAGE_BUGREPORT ""
#define _GNU_SOURCE 1
#define HAVE_DIRENT_H 1
#define TIME_WITH_SYS_TIME 1
#define HAVE_SYS_WAIT_H 1
#define STDC_HEADERS 1
#define HAVE_SYS_TYPES_H 1
#define HAVE_SYS_STAT_H 1
#define HAVE_STDLIB_H 1
#define HAVE_STRING_H 1
#define HAVE_MEMORY_H 1
#define HAVE_STRINGS_H 1
#define HAVE_INTTYPES_H 1
#define HAVE_STDINT_H 1
#define HAVE_UNISTD_H 1
#define HAVE_CTYPE_H 1
#define HAVE_STRINGS_H 1
#define HAVE_STDLIB_H 1
#define HAVE_STRING_H 1
#define HAVE_PWD_H 1
#define HAVE_REALPATH 1
#define HAVE_SNPRINTF 1
#define HAVE_VSNPRINTF 1
#define HAVE_VASPRINTF 1
#define HAVE_ASPRINTF 1
#define HAVE_MKSTEMP 1
#define HAVE_GETHOSTNAME 1
#define HAVE_GETPWUID 1
#define HAVE_COMPAR_FN_T 1
#define HAVE_C99_VSNPRINTF 1

configure: exit 0
